<?xml version="1.0" encoding="UTF-8"?>
<testsuite name="tests.LoginTest" tests="2" skipped="0" failures="0" errors="0" timestamp="2025-08-18T19:04:48" hostname="DESKTOP-7EKDEIT" time="2.053">
  <properties/>
  <testcase name="deveFalharLoginComSenhaIncorreta" classname="tests.LoginTest" time="0.331"/>
  <testcase name="deveRealizarLoginComSucesso" classname="tests.LoginTest" time="0.673"/>
  <system-out><![CDATA[Request method:	POST
Request URI:	https://serverest.dev/usuarios
Proxy:			<none>
Request params:	<none>
Query params:	<none>
Form params:	<none>
Path params:	<none>
Headers:		Accept=*/*
				Content-Type=application/json
Cookies:		<none>
Multiparts:		<none>
Body:
{
    "nome": "Usuário Teste",
    "email": "teste_aaf5a90d-38c8-44ca-9ca2-04977348cf4f@email.com",
    "password": "123456",
    "administrador": "true"
}
Request method:	GET
Request URI:	https://serverest.dev/usuarios/JqZzXQJnT8TXMDtB
Proxy:			<none>
Request params:	<none>
Query params:	<none>
Form params:	<none>
Path params:	<none>
Headers:		Accept=*/*
Cookies:		<none>
Multiparts:		<none>
Body:			<none>
Request method:	DELETE
Request URI:	https://serverest.dev/usuarios/io.restassured.internal.RestAssuredResponseImpl%406c79a7c1
Proxy:			<none>
Request params:	<none>
Query params:	<none>
Form params:	<none>
Path params:	<none>
Headers:		Accept=*/*
Cookies:		<none>
Multiparts:		<none>
Body:			<none>
Request method:	POST
Request URI:	https://serverest.dev/usuarios
Proxy:			<none>
Request params:	<none>
Query params:	<none>
Form params:	<none>
Path params:	<none>
Headers:		Accept=*/*
				Content-Type=application/json
Cookies:		<none>
Multiparts:		<none>
Body:
{
    "nome": "Usuário Teste",
    "email": "teste_31749fe0-fadf-4743-8ff7-c1171427beb8@email.com",
    "password": "123456",
    "administrador": "true"
}
Request method:	GET
Request URI:	https://serverest.dev/usuarios/QN9UQ439EboPgweB
Proxy:			<none>
Request params:	<none>
Query params:	<none>
Form params:	<none>
Path params:	<none>
Headers:		Accept=*/*
Cookies:		<none>
Multiparts:		<none>
Body:			<none>
Request method:	GET
Request URI:	https://serverest.dev/usuarios/QN9UQ439EboPgweB
Proxy:			<none>
Request params:	<none>
Query params:	<none>
Form params:	<none>
Path params:	<none>
Headers:		Accept=*/*
Cookies:		<none>
Multiparts:		<none>
Body:			<none>
Request method:	DELETE
Request URI:	https://serverest.dev/usuarios/io.restassured.internal.RestAssuredResponseImpl%401dd01876
Proxy:			<none>
Request params:	<none>
Query params:	<none>
Form params:	<none>
Path params:	<none>
Headers:		Accept=*/*
Cookies:		<none>
Multiparts:		<none>
Body:			<none>
]]></system-out>
  <system-err><![CDATA[]]></system-err>
</testsuite>
